<?xml version="1.0" encoding="UTF-8"?>
<!-- Generated by org.testng.reporters.JUnitXMLReporter -->
<testsuite ignored="0" hostname="DESKTOP-3JBVVE7" failures="1" tests="1" name="Test" time="7.904" errors="0" timestamp="09 May 2023 14:25:21 GMT">
  <testcase classname="com.aos.tests.logintests.LoginTests" name="AOS_002" time="7.87">
    <failure type="java.lang.IllegalArgumentException" message="Cannot find elements when the XPath is null.">
      <![CDATA[java.lang.IllegalArgumentException: Cannot find elements when the XPath is null.
at org.openqa.selenium.By$ByXPath.<init>(By.java:339)
at org.openqa.selenium.By.xpath(By.java:92)
at com.aos.keyword.Keyword.getWebElement(Keyword.java:81)
at com.aos.keyword.Keyword.clickonElement(Keyword.java:55)
at com.aos.tests.logintests.LoginTests.AOS_002(LoginTests.java:20)
... Removed 25 stack frames]]>
    </failure>
  </testcase> <!-- AOS_002 -->
</testsuite> <!-- Test -->
